   0  $accept : program $end

   1  program : PROGRAM ID ';' declaracion cuerpo_programa
   2          | PROGRAM ID ';' cuerpo_programa
   3          | PROGRAM ';' declaracion cuerpo_programa
   4          | PROGRAM ';' cuerpo_programa
   5          | declaracion cuerpo_programa
   6          | cuerpo_programa

   7  cuerpo_programa : BEGIN sentencia_ejec END ';'

   8  bloque_sentencias : BEGIN sentencia_ejec END ';'
   9                    | miembro_sentencia_ejec

  10  tipo_id : UINT
  11          | DOUBLE
  12          | FUNC

  13  cuerpo_func : BEGIN sentencia_ejec RETURN retorno END
  14              | BEGIN sentencia_ejec RETURN retorno post_condicion END
  15              | BEGIN sentencia_ejec RETURN END
  16              | BEGIN sentencia_ejec RETURN post_condicion END
  17              | BEGIN sentencia_ejec RETURN ';' END
  18              | BEGIN sentencia_ejec RETURN ';' post_condicion END

  19  post_condicion : POST ':' condicion ',' CADENA ';'
  20                 | POST ':' condicion ',' ';'

  21  retorno : '(' expresion ')' ';'

  22  declaracion : tipo_id nombre_func params_func definicion_func ';'
  23              | tipo_id lista_variables ';'
  24              | tipo_id lista_variables ';' declaracion
  25              | tipo_id nombre_func params_func definicion_func ';' declaracion
  26              | lista_variables ';'
  27              | lista_variables ';' declaracion

  28  lista_variables : ID
  29                  | ID ',' lista_variables

  30  nombre_func : FUNC ID
  31              | FUNC

  32  params_func : '(' param ')'
  33              | '(' ')'

  34  param : tipo_id ID

  35  definicion_func : declaracion cuerpo_func
  36                  | cuerpo_func
  37                  |

  38  sentencia_ejec : miembro_sentencia_ejec sentencia_ejec
  39                 | miembro_sentencia_ejec

  40  miembro_sentencia_ejec : invocacion ';'
  41                         | asignacion ';'
  42                         | iteracion ';'
  43                         | seleccion ';'
  44                         | impresion ';'
  45                         | BREAK ';'
  46                         | seleccion miembro_sentencia_ejec
  47                         | invocacion miembro_sentencia_ejec
  48                         | asignacion miembro_sentencia_ejec
  49                         | iteracion miembro_sentencia_ejec
  50                         | impresion miembro_sentencia_ejec
  51                         | BREAK miembro_sentencia_ejec

  52  invocacion : ID '(' ')'
  53             | ID '(' ID ')'

  54  asignacion : ID ASIG expresion
  55             | ID ASIG error
  56             | ID
  57             | error ASIG expresion

  58  expresion : expresion '+' termino
  59            | expresion '-' termino
  60            | termino

  61  termino : termino '*' factor
  62          | termino '/' factor
  63          | factor

  64  factor : ID
  65         | CTE_UINT
  66         | CTE_DOUBLE
  67         | '-' factor
  68         | invocacion
  69         | ERR_CTE_FUERA_RANGO
  70         | ERR_FORMATO_CTE

  71  impresion : PRINT '(' CADENA ')'
  72            | PRINT '(' error ')'

  73  iteracion : REPEAT bloque_sentencias UNTIL condicion
  74            | REPEAT bloque_sentencias

  75  condicion : '(' expresion comparador expresion ')'
  76            | '(' expresion comparador expresion
  77            | '(' comparador expresion ')'
  78            | '(' expresion comparador ')'
  79            | '(' expresion operador_logico expresion ')'
  80            | '(' error ')'

  81  comparador : COMP_MAYOR_IGUAL
  82             | COMP_MENOR_IGUAL
  83             | '<'
  84             | '>'
  85             | COMP_IGUAL
  86             | COMP_DISTINTO

  87  operador_logico : AND
  88                  | OR

  89  seleccion : IF condicion THEN bloque_sentencias ENDIF
  90            | IF condicion THEN bloque_sentencias ELSE bloque_sentencias ENDIF
  91            | IF condicion THEN ELSE bloque_sentencias ENDIF
  92            | IF condicion THEN ELSE bloque_sentencias
  93            | IF condicion THEN ENDIF
  94            | IF condicion THEN bloque_sentencias ELSE bloque_sentencias
  95            | IF condicion THEN bloque_sentencias

state 0
	$accept : . program $end  (0)

	PROGRAM  shift 1
	UINT  shift 2
	DOUBLE  shift 3
	BEGIN  shift 4
	ID  shift 5
	FUNC  shift 6
	.  error

	program  goto 7
	declaracion  goto 8
	cuerpo_programa  goto 9
	tipo_id  goto 10
	lista_variables  goto 11


state 1
	program : PROGRAM . ID ';' declaracion cuerpo_programa  (1)
	program : PROGRAM . ID ';' cuerpo_programa  (2)
	program : PROGRAM . ';' declaracion cuerpo_programa  (3)
	program : PROGRAM . ';' cuerpo_programa  (4)

	ID  shift 12
	';'  shift 13
	.  error


state 2
	tipo_id : UINT .  (10)

	.  reduce 10


state 3
	tipo_id : DOUBLE .  (11)

	.  reduce 11


state 4
	cuerpo_programa : BEGIN . sentencia_ejec END ';'  (7)

	error  shift 14
	ID  shift 15
	PRINT  shift 16
	REPEAT  shift 17
	IF  shift 18
	BREAK  shift 19
	.  error

	sentencia_ejec  goto 20
	miembro_sentencia_ejec  goto 21
	invocacion  goto 22
	asignacion  goto 23
	iteracion  goto 24
	seleccion  goto 25
	impresion  goto 26


state 5
	lista_variables : ID .  (28)
	lista_variables : ID . ',' lista_variables  (29)

	','  shift 27
	';'  reduce 28


state 6
	tipo_id : FUNC .  (12)

	.  reduce 12


state 7
	$accept : program . $end  (0)

	$end  accept


state 8
	program : declaracion . cuerpo_programa  (5)

	BEGIN  shift 4
	.  error

	cuerpo_programa  goto 28


state 9
	program : cuerpo_programa .  (6)

	.  reduce 6


state 10
	declaracion : tipo_id . nombre_func params_func definicion_func ';'  (22)
	declaracion : tipo_id . lista_variables ';'  (23)
	declaracion : tipo_id . lista_variables ';' declaracion  (24)
	declaracion : tipo_id . nombre_func params_func definicion_func ';' declaracion  (25)

	ID  shift 5
	FUNC  shift 29
	.  error

	nombre_func  goto 30
	lista_variables  goto 31


state 11
	declaracion : lista_variables . ';'  (26)
	declaracion : lista_variables . ';' declaracion  (27)

	';'  shift 32
	.  error


state 12
	program : PROGRAM ID . ';' declaracion cuerpo_programa  (1)
	program : PROGRAM ID . ';' cuerpo_programa  (2)

	';'  shift 33
	.  error


state 13
	program : PROGRAM ';' . declaracion cuerpo_programa  (3)
	program : PROGRAM ';' . cuerpo_programa  (4)

	UINT  shift 2
	DOUBLE  shift 3
	BEGIN  shift 4
	ID  shift 5
	FUNC  shift 6
	.  error

	declaracion  goto 34
	cuerpo_programa  goto 35
	tipo_id  goto 10
	lista_variables  goto 11


state 14
	asignacion : error . ASIG expresion  (57)

	ASIG  shift 36
	.  error


state 15
	invocacion : ID . '(' ')'  (52)
	invocacion : ID . '(' ID ')'  (53)
	asignacion : ID . ASIG expresion  (54)
	asignacion : ID . ASIG error  (55)
	asignacion : ID .  (56)

	ASIG  shift 37
	'('  shift 38
	error  reduce 56
	ID  reduce 56
	PRINT  reduce 56
	REPEAT  reduce 56
	IF  reduce 56
	BREAK  reduce 56
	';'  reduce 56


state 16
	impresion : PRINT . '(' CADENA ')'  (71)
	impresion : PRINT . '(' error ')'  (72)

	'('  shift 39
	.  error


state 17
	iteracion : REPEAT . bloque_sentencias UNTIL condicion  (73)
	iteracion : REPEAT . bloque_sentencias  (74)

	error  shift 14
	BEGIN  shift 40
	ID  shift 15
	PRINT  shift 16
	REPEAT  shift 17
	IF  shift 18
	BREAK  shift 19
	.  error

	bloque_sentencias  goto 41
	miembro_sentencia_ejec  goto 42
	invocacion  goto 22
	asignacion  goto 23
	iteracion  goto 24
	seleccion  goto 25
	impresion  goto 26


state 18
	seleccion : IF . condicion THEN bloque_sentencias ENDIF  (89)
	seleccion : IF . condicion THEN bloque_sentencias ELSE bloque_sentencias ENDIF  (90)
	seleccion : IF . condicion THEN ELSE bloque_sentencias ENDIF  (91)
	seleccion : IF . condicion THEN ELSE bloque_sentencias  (92)
	seleccion : IF . condicion THEN ENDIF  (93)
	seleccion : IF . condicion THEN bloque_sentencias ELSE bloque_sentencias  (94)
	seleccion : IF . condicion THEN bloque_sentencias  (95)

	'('  shift 43
	.  error

	condicion  goto 44


state 19
	miembro_sentencia_ejec : BREAK . ';'  (45)
	miembro_sentencia_ejec : BREAK . miembro_sentencia_ejec  (51)

	error  shift 14
	ID  shift 15
	PRINT  shift 16
	REPEAT  shift 17
	IF  shift 18
	BREAK  shift 19
	';'  shift 45
	.  error

	miembro_sentencia_ejec  goto 46
	invocacion  goto 22
	asignacion  goto 23
	iteracion  goto 24
	seleccion  goto 25
	impresion  goto 26


state 20
	cuerpo_programa : BEGIN sentencia_ejec . END ';'  (7)

	END  shift 47
	.  error


state 21
	sentencia_ejec : miembro_sentencia_ejec . sentencia_ejec  (38)
	sentencia_ejec : miembro_sentencia_ejec .  (39)

	error  shift 14
	ID  shift 15
	PRINT  shift 16
	REPEAT  shift 17
	IF  shift 18
	BREAK  shift 19
	RETURN  reduce 39
	END  reduce 39

	sentencia_ejec  goto 48
	miembro_sentencia_ejec  goto 21
	invocacion  goto 22
	asignacion  goto 23
	iteracion  goto 24
	seleccion  goto 25
	impresion  goto 26


state 22
	miembro_sentencia_ejec : invocacion . ';'  (40)
	miembro_sentencia_ejec : invocacion . miembro_sentencia_ejec  (47)

	error  shift 14
	ID  shift 15
	PRINT  shift 16
	REPEAT  shift 17
	IF  shift 18
	BREAK  shift 19
	';'  shift 49
	.  error

	miembro_sentencia_ejec  goto 50
	invocacion  goto 22
	asignacion  goto 23
	iteracion  goto 24
	seleccion  goto 25
	impresion  goto 26


state 23
	miembro_sentencia_ejec : asignacion . ';'  (41)
	miembro_sentencia_ejec : asignacion . miembro_sentencia_ejec  (48)

	error  shift 14
	ID  shift 15
	PRINT  shift 16
	REPEAT  shift 17
	IF  shift 18
	BREAK  shift 19
	';'  shift 51
	.  error

	miembro_sentencia_ejec  goto 52
	invocacion  goto 22
	asignacion  goto 23
	iteracion  goto 24
	seleccion  goto 25
	impresion  goto 26


state 24
	miembro_sentencia_ejec : iteracion . ';'  (42)
	miembro_sentencia_ejec : iteracion . miembro_sentencia_ejec  (49)

	error  shift 14
	ID  shift 15
	PRINT  shift 16
	REPEAT  shift 17
	IF  shift 18
	BREAK  shift 19
	';'  shift 53
	.  error

	miembro_sentencia_ejec  goto 54
	invocacion  goto 22
	asignacion  goto 23
	iteracion  goto 24
	seleccion  goto 25
	impresion  goto 26


state 25
	miembro_sentencia_ejec : seleccion . ';'  (43)
	miembro_sentencia_ejec : seleccion . miembro_sentencia_ejec  (46)

	error  shift 14
	ID  shift 15
	PRINT  shift 16
	REPEAT  shift 17
	IF  shift 18
	BREAK  shift 19
	';'  shift 55
	.  error

	miembro_sentencia_ejec  goto 56
	invocacion  goto 22
	asignacion  goto 23
	iteracion  goto 24
	seleccion  goto 25
	impresion  goto 26


state 26
	miembro_sentencia_ejec : impresion . ';'  (44)
	miembro_sentencia_ejec : impresion . miembro_sentencia_ejec  (50)

	error  shift 14
	ID  shift 15
	PRINT  shift 16
	REPEAT  shift 17
	IF  shift 18
	BREAK  shift 19
	';'  shift 57
	.  error

	miembro_sentencia_ejec  goto 58
	invocacion  goto 22
	asignacion  goto 23
	iteracion  goto 24
	seleccion  goto 25
	impresion  goto 26


state 27
	lista_variables : ID ',' . lista_variables  (29)

	ID  shift 5
	.  error

	lista_variables  goto 59


state 28
	program : declaracion cuerpo_programa .  (5)

	.  reduce 5


state 29
	nombre_func : FUNC . ID  (30)
	nombre_func : FUNC .  (31)

	ID  shift 60
	'('  reduce 31


state 30
	declaracion : tipo_id nombre_func . params_func definicion_func ';'  (22)
	declaracion : tipo_id nombre_func . params_func definicion_func ';' declaracion  (25)

	'('  shift 61
	.  error

	params_func  goto 62


state 31
	declaracion : tipo_id lista_variables . ';'  (23)
	declaracion : tipo_id lista_variables . ';' declaracion  (24)

	';'  shift 63
	.  error


state 32
	declaracion : lista_variables ';' .  (26)
	declaracion : lista_variables ';' . declaracion  (27)

	UINT  shift 2
	DOUBLE  shift 3
	ID  shift 5
	FUNC  shift 6
	BEGIN  reduce 26

	declaracion  goto 64
	tipo_id  goto 10
	lista_variables  goto 11


state 33
	program : PROGRAM ID ';' . declaracion cuerpo_programa  (1)
	program : PROGRAM ID ';' . cuerpo_programa  (2)

	UINT  shift 2
	DOUBLE  shift 3
	BEGIN  shift 4
	ID  shift 5
	FUNC  shift 6
	.  error

	declaracion  goto 65
	cuerpo_programa  goto 66
	tipo_id  goto 10
	lista_variables  goto 11


state 34
	program : PROGRAM ';' declaracion . cuerpo_programa  (3)

	BEGIN  shift 4
	.  error

	cuerpo_programa  goto 67


state 35
	program : PROGRAM ';' cuerpo_programa .  (4)

	.  reduce 4


state 36
	asignacion : error ASIG . expresion  (57)

	ID  shift 68
	CTE_UINT  shift 69
	CTE_DOUBLE  shift 70
	ERR_CTE_FUERA_RANGO  shift 71
	ERR_FORMATO_CTE  shift 72
	'-'  shift 73
	.  error

	expresion  goto 74
	invocacion  goto 75
	termino  goto 76
	factor  goto 77


state 37
	asignacion : ID ASIG . expresion  (54)
	asignacion : ID ASIG . error  (55)

	error  shift 78
	ID  shift 68
	CTE_UINT  shift 69
	CTE_DOUBLE  shift 70
	ERR_CTE_FUERA_RANGO  shift 71
	ERR_FORMATO_CTE  shift 72
	'-'  shift 73
	.  error

	expresion  goto 79
	invocacion  goto 75
	termino  goto 76
	factor  goto 77


state 38
	invocacion : ID '(' . ')'  (52)
	invocacion : ID '(' . ID ')'  (53)

	ID  shift 80
	')'  shift 81
	.  error


state 39
	impresion : PRINT '(' . CADENA ')'  (71)
	impresion : PRINT '(' . error ')'  (72)

	error  shift 82
	CADENA  shift 83
	.  error


state 40
	bloque_sentencias : BEGIN . sentencia_ejec END ';'  (8)

	error  shift 14
	ID  shift 15
	PRINT  shift 16
	REPEAT  shift 17
	IF  shift 18
	BREAK  shift 19
	.  error

	sentencia_ejec  goto 84
	miembro_sentencia_ejec  goto 21
	invocacion  goto 22
	asignacion  goto 23
	iteracion  goto 24
	seleccion  goto 25
	impresion  goto 26


state 41
	iteracion : REPEAT bloque_sentencias . UNTIL condicion  (73)
	iteracion : REPEAT bloque_sentencias .  (74)

	UNTIL  shift 85
	error  reduce 74
	ID  reduce 74
	PRINT  reduce 74
	REPEAT  reduce 74
	IF  reduce 74
	BREAK  reduce 74
	';'  reduce 74


state 42
	bloque_sentencias : miembro_sentencia_ejec .  (9)

	.  reduce 9


state 43
	condicion : '(' . expresion comparador expresion ')'  (75)
	condicion : '(' . expresion comparador expresion  (76)
	condicion : '(' . comparador expresion ')'  (77)
	condicion : '(' . expresion comparador ')'  (78)
	condicion : '(' . expresion operador_logico expresion ')'  (79)
	condicion : '(' . error ')'  (80)

	error  shift 86
	ID  shift 68
	CTE_UINT  shift 69
	CTE_DOUBLE  shift 70
	COMP_MAYOR_IGUAL  shift 87
	COMP_MENOR_IGUAL  shift 88
	COMP_IGUAL  shift 89
	COMP_DISTINTO  shift 90
	ERR_CTE_FUERA_RANGO  shift 71
	ERR_FORMATO_CTE  shift 72
	'-'  shift 73
	'<'  shift 91
	'>'  shift 92
	.  error

	expresion  goto 93
	invocacion  goto 75
	termino  goto 76
	factor  goto 77
	comparador  goto 94


state 44
	seleccion : IF condicion . THEN bloque_sentencias ENDIF  (89)
	seleccion : IF condicion . THEN bloque_sentencias ELSE bloque_sentencias ENDIF  (90)
	seleccion : IF condicion . THEN ELSE bloque_sentencias ENDIF  (91)
	seleccion : IF condicion . THEN ELSE bloque_sentencias  (92)
	seleccion : IF condicion . THEN ENDIF  (93)
	seleccion : IF condicion . THEN bloque_sentencias ELSE bloque_sentencias  (94)
	seleccion : IF condicion . THEN bloque_sentencias  (95)

	THEN  shift 95
	.  error


state 45
	miembro_sentencia_ejec : BREAK ';' .  (45)

	.  reduce 45


state 46
	miembro_sentencia_ejec : BREAK miembro_sentencia_ejec .  (51)

	.  reduce 51


state 47
	cuerpo_programa : BEGIN sentencia_ejec END . ';'  (7)

	';'  shift 96
	.  error


state 48
	sentencia_ejec : miembro_sentencia_ejec sentencia_ejec .  (38)

	.  reduce 38


state 49
	miembro_sentencia_ejec : invocacion ';' .  (40)

	.  reduce 40


state 50
	miembro_sentencia_ejec : invocacion miembro_sentencia_ejec .  (47)

	.  reduce 47


state 51
	miembro_sentencia_ejec : asignacion ';' .  (41)

	.  reduce 41


state 52
	miembro_sentencia_ejec : asignacion miembro_sentencia_ejec .  (48)

	.  reduce 48


state 53
	miembro_sentencia_ejec : iteracion ';' .  (42)

	.  reduce 42


state 54
	miembro_sentencia_ejec : iteracion miembro_sentencia_ejec .  (49)

	.  reduce 49


state 55
	miembro_sentencia_ejec : seleccion ';' .  (43)

	.  reduce 43


state 56
	miembro_sentencia_ejec : seleccion miembro_sentencia_ejec .  (46)

	.  reduce 46


state 57
	miembro_sentencia_ejec : impresion ';' .  (44)

	.  reduce 44


state 58
	miembro_sentencia_ejec : impresion miembro_sentencia_ejec .  (50)

	.  reduce 50


state 59
	lista_variables : ID ',' lista_variables .  (29)

	.  reduce 29


state 60
	nombre_func : FUNC ID .  (30)

	.  reduce 30


state 61
	params_func : '(' . param ')'  (32)
	params_func : '(' . ')'  (33)

	UINT  shift 2
	DOUBLE  shift 3
	FUNC  shift 6
	')'  shift 97
	.  error

	tipo_id  goto 98
	param  goto 99


state 62
	declaracion : tipo_id nombre_func params_func . definicion_func ';'  (22)
	declaracion : tipo_id nombre_func params_func . definicion_func ';' declaracion  (25)
	definicion_func : .  (37)

	UINT  shift 2
	DOUBLE  shift 3
	BEGIN  shift 100
	ID  shift 5
	FUNC  shift 6
	';'  reduce 37

	declaracion  goto 101
	tipo_id  goto 10
	cuerpo_func  goto 102
	definicion_func  goto 103
	lista_variables  goto 11


state 63
	declaracion : tipo_id lista_variables ';' .  (23)
	declaracion : tipo_id lista_variables ';' . declaracion  (24)

	UINT  shift 2
	DOUBLE  shift 3
	ID  shift 5
	FUNC  shift 6
	BEGIN  reduce 23

	declaracion  goto 104
	tipo_id  goto 10
	lista_variables  goto 11


state 64
	declaracion : lista_variables ';' declaracion .  (27)

	.  reduce 27


state 65
	program : PROGRAM ID ';' declaracion . cuerpo_programa  (1)

	BEGIN  shift 4
	.  error

	cuerpo_programa  goto 105


state 66
	program : PROGRAM ID ';' cuerpo_programa .  (2)

	.  reduce 2


state 67
	program : PROGRAM ';' declaracion cuerpo_programa .  (3)

	.  reduce 3


state 68
	invocacion : ID . '(' ')'  (52)
	invocacion : ID . '(' ID ')'  (53)
	factor : ID .  (64)

	'('  shift 38
	error  reduce 64
	ID  reduce 64
	PRINT  reduce 64
	REPEAT  reduce 64
	THEN  reduce 64
	IF  reduce 64
	AND  reduce 64
	OR  reduce 64
	COMP_MAYOR_IGUAL  reduce 64
	COMP_MENOR_IGUAL  reduce 64
	COMP_IGUAL  reduce 64
	COMP_DISTINTO  reduce 64
	BREAK  reduce 64
	';'  reduce 64
	','  reduce 64
	')'  reduce 64
	'+'  reduce 64
	'-'  reduce 64
	'*'  reduce 64
	'/'  reduce 64
	'<'  reduce 64
	'>'  reduce 64


state 69
	factor : CTE_UINT .  (65)

	.  reduce 65


state 70
	factor : CTE_DOUBLE .  (66)

	.  reduce 66


state 71
	factor : ERR_CTE_FUERA_RANGO .  (69)

	.  reduce 69


state 72
	factor : ERR_FORMATO_CTE .  (70)

	.  reduce 70


state 73
	factor : '-' . factor  (67)

	ID  shift 68
	CTE_UINT  shift 69
	CTE_DOUBLE  shift 70
	ERR_CTE_FUERA_RANGO  shift 71
	ERR_FORMATO_CTE  shift 72
	'-'  shift 73
	.  error

	invocacion  goto 75
	factor  goto 106


state 74
	asignacion : error ASIG expresion .  (57)
	expresion : expresion . '+' termino  (58)
	expresion : expresion . '-' termino  (59)

	'+'  shift 107
	'-'  shift 108
	error  reduce 57
	ID  reduce 57
	PRINT  reduce 57
	REPEAT  reduce 57
	IF  reduce 57
	BREAK  reduce 57
	';'  reduce 57


state 75
	factor : invocacion .  (68)

	.  reduce 68


state 76
	expresion : termino .  (60)
	termino : termino . '*' factor  (61)
	termino : termino . '/' factor  (62)

	'*'  shift 109
	'/'  shift 110
	error  reduce 60
	ID  reduce 60
	PRINT  reduce 60
	REPEAT  reduce 60
	THEN  reduce 60
	IF  reduce 60
	AND  reduce 60
	OR  reduce 60
	COMP_MAYOR_IGUAL  reduce 60
	COMP_MENOR_IGUAL  reduce 60
	COMP_IGUAL  reduce 60
	COMP_DISTINTO  reduce 60
	BREAK  reduce 60
	';'  reduce 60
	','  reduce 60
	')'  reduce 60
	'+'  reduce 60
	'-'  reduce 60
	'<'  reduce 60
	'>'  reduce 60


state 77
	termino : factor .  (63)

	.  reduce 63


state 78
	asignacion : ID ASIG error .  (55)

	.  reduce 55


state 79
	asignacion : ID ASIG expresion .  (54)
	expresion : expresion . '+' termino  (58)
	expresion : expresion . '-' termino  (59)

	'+'  shift 107
	'-'  shift 108
	error  reduce 54
	ID  reduce 54
	PRINT  reduce 54
	REPEAT  reduce 54
	IF  reduce 54
	BREAK  reduce 54
	';'  reduce 54


state 80
	invocacion : ID '(' ID . ')'  (53)

	')'  shift 111
	.  error


state 81
	invocacion : ID '(' ')' .  (52)

	.  reduce 52


state 82
	impresion : PRINT '(' error . ')'  (72)

	')'  shift 112
	.  error


state 83
	impresion : PRINT '(' CADENA . ')'  (71)

	')'  shift 113
	.  error


state 84
	bloque_sentencias : BEGIN sentencia_ejec . END ';'  (8)

	END  shift 114
	.  error


state 85
	iteracion : REPEAT bloque_sentencias UNTIL . condicion  (73)

	'('  shift 43
	.  error

	condicion  goto 115


state 86
	condicion : '(' error . ')'  (80)

	')'  shift 116
	.  error


state 87
	comparador : COMP_MAYOR_IGUAL .  (81)

	.  reduce 81


state 88
	comparador : COMP_MENOR_IGUAL .  (82)

	.  reduce 82


state 89
	comparador : COMP_IGUAL .  (85)

	.  reduce 85


state 90
	comparador : COMP_DISTINTO .  (86)

	.  reduce 86


state 91
	comparador : '<' .  (83)

	.  reduce 83


state 92
	comparador : '>' .  (84)

	.  reduce 84


state 93
	expresion : expresion . '+' termino  (58)
	expresion : expresion . '-' termino  (59)
	condicion : '(' expresion . comparador expresion ')'  (75)
	condicion : '(' expresion . comparador expresion  (76)
	condicion : '(' expresion . comparador ')'  (78)
	condicion : '(' expresion . operador_logico expresion ')'  (79)

	AND  shift 117
	OR  shift 118
	COMP_MAYOR_IGUAL  shift 87
	COMP_MENOR_IGUAL  shift 88
	COMP_IGUAL  shift 89
	COMP_DISTINTO  shift 90
	'+'  shift 107
	'-'  shift 108
	'<'  shift 91
	'>'  shift 92
	.  error

	comparador  goto 119
	operador_logico  goto 120


state 94
	condicion : '(' comparador . expresion ')'  (77)

	ID  shift 68
	CTE_UINT  shift 69
	CTE_DOUBLE  shift 70
	ERR_CTE_FUERA_RANGO  shift 71
	ERR_FORMATO_CTE  shift 72
	'-'  shift 73
	.  error

	expresion  goto 121
	invocacion  goto 75
	termino  goto 76
	factor  goto 77


state 95
	seleccion : IF condicion THEN . bloque_sentencias ENDIF  (89)
	seleccion : IF condicion THEN . bloque_sentencias ELSE bloque_sentencias ENDIF  (90)
	seleccion : IF condicion THEN . ELSE bloque_sentencias ENDIF  (91)
	seleccion : IF condicion THEN . ELSE bloque_sentencias  (92)
	seleccion : IF condicion THEN . ENDIF  (93)
	seleccion : IF condicion THEN . bloque_sentencias ELSE bloque_sentencias  (94)
	seleccion : IF condicion THEN . bloque_sentencias  (95)

	error  shift 14
	BEGIN  shift 40
	ID  shift 15
	PRINT  shift 16
	REPEAT  shift 17
	IF  shift 18
	ELSE  shift 122
	ENDIF  shift 123
	BREAK  shift 19
	.  error

	bloque_sentencias  goto 124
	miembro_sentencia_ejec  goto 42
	invocacion  goto 22
	asignacion  goto 23
	iteracion  goto 24
	seleccion  goto 25
	impresion  goto 26


state 96
	cuerpo_programa : BEGIN sentencia_ejec END ';' .  (7)

	.  reduce 7


state 97
	params_func : '(' ')' .  (33)

	.  reduce 33


state 98
	param : tipo_id . ID  (34)

	ID  shift 125
	.  error


state 99
	params_func : '(' param . ')'  (32)

	')'  shift 126
	.  error


state 100
	cuerpo_func : BEGIN . sentencia_ejec RETURN retorno END  (13)
	cuerpo_func : BEGIN . sentencia_ejec RETURN retorno post_condicion END  (14)
	cuerpo_func : BEGIN . sentencia_ejec RETURN END  (15)
	cuerpo_func : BEGIN . sentencia_ejec RETURN post_condicion END  (16)
	cuerpo_func : BEGIN . sentencia_ejec RETURN ';' END  (17)
	cuerpo_func : BEGIN . sentencia_ejec RETURN ';' post_condicion END  (18)

	error  shift 14
	ID  shift 15
	PRINT  shift 16
	REPEAT  shift 17
	IF  shift 18
	BREAK  shift 19
	.  error

	sentencia_ejec  goto 127
	miembro_sentencia_ejec  goto 21
	invocacion  goto 22
	asignacion  goto 23
	iteracion  goto 24
	seleccion  goto 25
	impresion  goto 26


state 101
	definicion_func : declaracion . cuerpo_func  (35)

	BEGIN  shift 100
	.  error

	cuerpo_func  goto 128


state 102
	definicion_func : cuerpo_func .  (36)

	.  reduce 36


state 103
	declaracion : tipo_id nombre_func params_func definicion_func . ';'  (22)
	declaracion : tipo_id nombre_func params_func definicion_func . ';' declaracion  (25)

	';'  shift 129
	.  error


state 104
	declaracion : tipo_id lista_variables ';' declaracion .  (24)

	.  reduce 24


state 105
	program : PROGRAM ID ';' declaracion cuerpo_programa .  (1)

	.  reduce 1


state 106
	factor : '-' factor .  (67)

	.  reduce 67


state 107
	expresion : expresion '+' . termino  (58)

	ID  shift 68
	CTE_UINT  shift 69
	CTE_DOUBLE  shift 70
	ERR_CTE_FUERA_RANGO  shift 71
	ERR_FORMATO_CTE  shift 72
	'-'  shift 73
	.  error

	invocacion  goto 75
	termino  goto 130
	factor  goto 77


state 108
	expresion : expresion '-' . termino  (59)

	ID  shift 68
	CTE_UINT  shift 69
	CTE_DOUBLE  shift 70
	ERR_CTE_FUERA_RANGO  shift 71
	ERR_FORMATO_CTE  shift 72
	'-'  shift 73
	.  error

	invocacion  goto 75
	termino  goto 131
	factor  goto 77


state 109
	termino : termino '*' . factor  (61)

	ID  shift 68
	CTE_UINT  shift 69
	CTE_DOUBLE  shift 70
	ERR_CTE_FUERA_RANGO  shift 71
	ERR_FORMATO_CTE  shift 72
	'-'  shift 73
	.  error

	invocacion  goto 75
	factor  goto 132


state 110
	termino : termino '/' . factor  (62)

	ID  shift 68
	CTE_UINT  shift 69
	CTE_DOUBLE  shift 70
	ERR_CTE_FUERA_RANGO  shift 71
	ERR_FORMATO_CTE  shift 72
	'-'  shift 73
	.  error

	invocacion  goto 75
	factor  goto 133


state 111
	invocacion : ID '(' ID ')' .  (53)

	.  reduce 53


state 112
	impresion : PRINT '(' error ')' .  (72)

	.  reduce 72


state 113
	impresion : PRINT '(' CADENA ')' .  (71)

	.  reduce 71


state 114
	bloque_sentencias : BEGIN sentencia_ejec END . ';'  (8)

	';'  shift 134
	.  error


state 115
	iteracion : REPEAT bloque_sentencias UNTIL condicion .  (73)

	.  reduce 73


state 116
	condicion : '(' error ')' .  (80)

	.  reduce 80


state 117
	operador_logico : AND .  (87)

	.  reduce 87


state 118
	operador_logico : OR .  (88)

	.  reduce 88


state 119
	condicion : '(' expresion comparador . expresion ')'  (75)
	condicion : '(' expresion comparador . expresion  (76)
	condicion : '(' expresion comparador . ')'  (78)

	ID  shift 68
	CTE_UINT  shift 69
	CTE_DOUBLE  shift 70
	ERR_CTE_FUERA_RANGO  shift 71
	ERR_FORMATO_CTE  shift 72
	')'  shift 135
	'-'  shift 73
	.  error

	expresion  goto 136
	invocacion  goto 75
	termino  goto 76
	factor  goto 77


state 120
	condicion : '(' expresion operador_logico . expresion ')'  (79)

	ID  shift 68
	CTE_UINT  shift 69
	CTE_DOUBLE  shift 70
	ERR_CTE_FUERA_RANGO  shift 71
	ERR_FORMATO_CTE  shift 72
	'-'  shift 73
	.  error

	expresion  goto 137
	invocacion  goto 75
	termino  goto 76
	factor  goto 77


state 121
	expresion : expresion . '+' termino  (58)
	expresion : expresion . '-' termino  (59)
	condicion : '(' comparador expresion . ')'  (77)

	')'  shift 138
	'+'  shift 107
	'-'  shift 108
	.  error


state 122
	seleccion : IF condicion THEN ELSE . bloque_sentencias ENDIF  (91)
	seleccion : IF condicion THEN ELSE . bloque_sentencias  (92)

	error  shift 14
	BEGIN  shift 40
	ID  shift 15
	PRINT  shift 16
	REPEAT  shift 17
	IF  shift 18
	BREAK  shift 19
	.  error

	bloque_sentencias  goto 139
	miembro_sentencia_ejec  goto 42
	invocacion  goto 22
	asignacion  goto 23
	iteracion  goto 24
	seleccion  goto 25
	impresion  goto 26


state 123
	seleccion : IF condicion THEN ENDIF .  (93)

	.  reduce 93


state 124
	seleccion : IF condicion THEN bloque_sentencias . ENDIF  (89)
	seleccion : IF condicion THEN bloque_sentencias . ELSE bloque_sentencias ENDIF  (90)
	seleccion : IF condicion THEN bloque_sentencias . ELSE bloque_sentencias  (94)
	seleccion : IF condicion THEN bloque_sentencias .  (95)

	ELSE  shift 140
	ENDIF  shift 141
	error  reduce 95
	ID  reduce 95
	PRINT  reduce 95
	REPEAT  reduce 95
	IF  reduce 95
	BREAK  reduce 95
	';'  reduce 95


state 125
	param : tipo_id ID .  (34)

	.  reduce 34


state 126
	params_func : '(' param ')' .  (32)

	.  reduce 32


state 127
	cuerpo_func : BEGIN sentencia_ejec . RETURN retorno END  (13)
	cuerpo_func : BEGIN sentencia_ejec . RETURN retorno post_condicion END  (14)
	cuerpo_func : BEGIN sentencia_ejec . RETURN END  (15)
	cuerpo_func : BEGIN sentencia_ejec . RETURN post_condicion END  (16)
	cuerpo_func : BEGIN sentencia_ejec . RETURN ';' END  (17)
	cuerpo_func : BEGIN sentencia_ejec . RETURN ';' post_condicion END  (18)

	RETURN  shift 142
	.  error


state 128
	definicion_func : declaracion cuerpo_func .  (35)

	.  reduce 35


state 129
	declaracion : tipo_id nombre_func params_func definicion_func ';' .  (22)
	declaracion : tipo_id nombre_func params_func definicion_func ';' . declaracion  (25)

	UINT  shift 2
	DOUBLE  shift 3
	ID  shift 5
	FUNC  shift 6
	BEGIN  reduce 22

	declaracion  goto 143
	tipo_id  goto 10
	lista_variables  goto 11


state 130
	expresion : expresion '+' termino .  (58)
	termino : termino . '*' factor  (61)
	termino : termino . '/' factor  (62)

	'*'  shift 109
	'/'  shift 110
	error  reduce 58
	ID  reduce 58
	PRINT  reduce 58
	REPEAT  reduce 58
	THEN  reduce 58
	IF  reduce 58
	AND  reduce 58
	OR  reduce 58
	COMP_MAYOR_IGUAL  reduce 58
	COMP_MENOR_IGUAL  reduce 58
	COMP_IGUAL  reduce 58
	COMP_DISTINTO  reduce 58
	BREAK  reduce 58
	';'  reduce 58
	','  reduce 58
	')'  reduce 58
	'+'  reduce 58
	'-'  reduce 58
	'<'  reduce 58
	'>'  reduce 58


state 131
	expresion : expresion '-' termino .  (59)
	termino : termino . '*' factor  (61)
	termino : termino . '/' factor  (62)

	'*'  shift 109
	'/'  shift 110
	error  reduce 59
	ID  reduce 59
	PRINT  reduce 59
	REPEAT  reduce 59
	THEN  reduce 59
	IF  reduce 59
	AND  reduce 59
	OR  reduce 59
	COMP_MAYOR_IGUAL  reduce 59
	COMP_MENOR_IGUAL  reduce 59
	COMP_IGUAL  reduce 59
	COMP_DISTINTO  reduce 59
	BREAK  reduce 59
	';'  reduce 59
	','  reduce 59
	')'  reduce 59
	'+'  reduce 59
	'-'  reduce 59
	'<'  reduce 59
	'>'  reduce 59


state 132
	termino : termino '*' factor .  (61)

	.  reduce 61


state 133
	termino : termino '/' factor .  (62)

	.  reduce 62


state 134
	bloque_sentencias : BEGIN sentencia_ejec END ';' .  (8)

	.  reduce 8


state 135
	condicion : '(' expresion comparador ')' .  (78)

	.  reduce 78


state 136
	expresion : expresion . '+' termino  (58)
	expresion : expresion . '-' termino  (59)
	condicion : '(' expresion comparador expresion . ')'  (75)
	condicion : '(' expresion comparador expresion .  (76)

	')'  shift 144
	'+'  shift 107
	'-'  shift 108
	error  reduce 76
	ID  reduce 76
	PRINT  reduce 76
	REPEAT  reduce 76
	THEN  reduce 76
	IF  reduce 76
	BREAK  reduce 76
	';'  reduce 76
	','  reduce 76


state 137
	expresion : expresion . '+' termino  (58)
	expresion : expresion . '-' termino  (59)
	condicion : '(' expresion operador_logico expresion . ')'  (79)

	')'  shift 145
	'+'  shift 107
	'-'  shift 108
	.  error


state 138
	condicion : '(' comparador expresion ')' .  (77)

	.  reduce 77


state 139
	seleccion : IF condicion THEN ELSE bloque_sentencias . ENDIF  (91)
	seleccion : IF condicion THEN ELSE bloque_sentencias .  (92)

	ENDIF  shift 146
	error  reduce 92
	ID  reduce 92
	PRINT  reduce 92
	REPEAT  reduce 92
	IF  reduce 92
	BREAK  reduce 92
	';'  reduce 92


state 140
	seleccion : IF condicion THEN bloque_sentencias ELSE . bloque_sentencias ENDIF  (90)
	seleccion : IF condicion THEN bloque_sentencias ELSE . bloque_sentencias  (94)

	error  shift 14
	BEGIN  shift 40
	ID  shift 15
	PRINT  shift 16
	REPEAT  shift 17
	IF  shift 18
	BREAK  shift 19
	.  error

	bloque_sentencias  goto 147
	miembro_sentencia_ejec  goto 42
	invocacion  goto 22
	asignacion  goto 23
	iteracion  goto 24
	seleccion  goto 25
	impresion  goto 26


state 141
	seleccion : IF condicion THEN bloque_sentencias ENDIF .  (89)

	.  reduce 89


state 142
	cuerpo_func : BEGIN sentencia_ejec RETURN . retorno END  (13)
	cuerpo_func : BEGIN sentencia_ejec RETURN . retorno post_condicion END  (14)
	cuerpo_func : BEGIN sentencia_ejec RETURN . END  (15)
	cuerpo_func : BEGIN sentencia_ejec RETURN . post_condicion END  (16)
	cuerpo_func : BEGIN sentencia_ejec RETURN . ';' END  (17)
	cuerpo_func : BEGIN sentencia_ejec RETURN . ';' post_condicion END  (18)

	END  shift 148
	POST  shift 149
	';'  shift 150
	'('  shift 151
	.  error

	retorno  goto 152
	post_condicion  goto 153


state 143
	declaracion : tipo_id nombre_func params_func definicion_func ';' declaracion .  (25)

	.  reduce 25


state 144
	condicion : '(' expresion comparador expresion ')' .  (75)

	.  reduce 75


state 145
	condicion : '(' expresion operador_logico expresion ')' .  (79)

	.  reduce 79


state 146
	seleccion : IF condicion THEN ELSE bloque_sentencias ENDIF .  (91)

	.  reduce 91


state 147
	seleccion : IF condicion THEN bloque_sentencias ELSE bloque_sentencias . ENDIF  (90)
	seleccion : IF condicion THEN bloque_sentencias ELSE bloque_sentencias .  (94)

	ENDIF  shift 154
	error  reduce 94
	ID  reduce 94
	PRINT  reduce 94
	REPEAT  reduce 94
	IF  reduce 94
	BREAK  reduce 94
	';'  reduce 94


state 148
	cuerpo_func : BEGIN sentencia_ejec RETURN END .  (15)

	.  reduce 15


state 149
	post_condicion : POST . ':' condicion ',' CADENA ';'  (19)
	post_condicion : POST . ':' condicion ',' ';'  (20)

	':'  shift 155
	.  error


state 150
	cuerpo_func : BEGIN sentencia_ejec RETURN ';' . END  (17)
	cuerpo_func : BEGIN sentencia_ejec RETURN ';' . post_condicion END  (18)

	END  shift 156
	POST  shift 149
	.  error

	post_condicion  goto 157


state 151
	retorno : '(' . expresion ')' ';'  (21)

	ID  shift 68
	CTE_UINT  shift 69
	CTE_DOUBLE  shift 70
	ERR_CTE_FUERA_RANGO  shift 71
	ERR_FORMATO_CTE  shift 72
	'-'  shift 73
	.  error

	expresion  goto 158
	invocacion  goto 75
	termino  goto 76
	factor  goto 77


state 152
	cuerpo_func : BEGIN sentencia_ejec RETURN retorno . END  (13)
	cuerpo_func : BEGIN sentencia_ejec RETURN retorno . post_condicion END  (14)

	END  shift 159
	POST  shift 149
	.  error

	post_condicion  goto 160


state 153
	cuerpo_func : BEGIN sentencia_ejec RETURN post_condicion . END  (16)

	END  shift 161
	.  error


state 154
	seleccion : IF condicion THEN bloque_sentencias ELSE bloque_sentencias ENDIF .  (90)

	.  reduce 90


state 155
	post_condicion : POST ':' . condicion ',' CADENA ';'  (19)
	post_condicion : POST ':' . condicion ',' ';'  (20)

	'('  shift 43
	.  error

	condicion  goto 162


state 156
	cuerpo_func : BEGIN sentencia_ejec RETURN ';' END .  (17)

	.  reduce 17


state 157
	cuerpo_func : BEGIN sentencia_ejec RETURN ';' post_condicion . END  (18)

	END  shift 163
	.  error


state 158
	retorno : '(' expresion . ')' ';'  (21)
	expresion : expresion . '+' termino  (58)
	expresion : expresion . '-' termino  (59)

	')'  shift 164
	'+'  shift 107
	'-'  shift 108
	.  error


state 159
	cuerpo_func : BEGIN sentencia_ejec RETURN retorno END .  (13)

	.  reduce 13


state 160
	cuerpo_func : BEGIN sentencia_ejec RETURN retorno post_condicion . END  (14)

	END  shift 165
	.  error


state 161
	cuerpo_func : BEGIN sentencia_ejec RETURN post_condicion END .  (16)

	.  reduce 16


state 162
	post_condicion : POST ':' condicion . ',' CADENA ';'  (19)
	post_condicion : POST ':' condicion . ',' ';'  (20)

	','  shift 166
	.  error


state 163
	cuerpo_func : BEGIN sentencia_ejec RETURN ';' post_condicion END .  (18)

	.  reduce 18


state 164
	retorno : '(' expresion ')' . ';'  (21)

	';'  shift 167
	.  error


state 165
	cuerpo_func : BEGIN sentencia_ejec RETURN retorno post_condicion END .  (14)

	.  reduce 14


state 166
	post_condicion : POST ':' condicion ',' . CADENA ';'  (19)
	post_condicion : POST ':' condicion ',' . ';'  (20)

	CADENA  shift 168
	';'  shift 169
	.  error


state 167
	retorno : '(' expresion ')' ';' .  (21)

	.  reduce 21


state 168
	post_condicion : POST ':' condicion ',' CADENA . ';'  (19)

	';'  shift 170
	.  error


state 169
	post_condicion : POST ':' condicion ',' ';' .  (20)

	.  reduce 20


state 170
	post_condicion : POST ':' condicion ',' CADENA ';' .  (19)

	.  reduce 19


42 terminals, 27 nonterminals
96 grammar rules, 171 states
